0 info it worked if it ends with ok
1 verbose cli [ 'C:\\Program Files\\nodejs\\\\node.exe',
1 verbose cli   'C:\\Program Files\\nodejs\\node_modules\\npm\\bin\\npm-cli.js',
1 verbose cli   'install',
1 verbose cli   '-g',
1 verbose cli   'ionic' ]
2 info using npm@1.4.28
3 info using node@v0.10.38
4 verbose node symlink C:\Program Files\nodejs\\node.exe
5 verbose cache add [ 'ionic', null ]
6 verbose cache add name=undefined spec="ionic" args=["ionic",null]
7 verbose parsed url { protocol: null,
7 verbose parsed url   slashes: null,
7 verbose parsed url   auth: null,
7 verbose parsed url   host: null,
7 verbose parsed url   port: null,
7 verbose parsed url   hostname: null,
7 verbose parsed url   hash: null,
7 verbose parsed url   search: null,
7 verbose parsed url   query: null,
7 verbose parsed url   pathname: 'ionic',
7 verbose parsed url   path: 'ionic',
7 verbose parsed url   href: 'ionic' }
8 silly lockFile 00d10074-ionic ionic
9 verbose lock ionic C:\Users\rjora\AppData\Roaming\npm-cache\00d10074-ionic.lock
10 silly lockFile 00d10074-ionic ionic
11 silly lockFile 00d10074-ionic ionic
12 verbose addNamed [ 'ionic', '' ]
13 verbose addNamed [ null, '*' ]
14 silly lockFile 966fc04a-ionic ionic@
15 verbose lock ionic@ C:\Users\rjora\AppData\Roaming\npm-cache\966fc04a-ionic.lock
16 silly addNameRange { name: 'ionic', range: '*', hasData: false }
17 verbose request where is /ionic
18 verbose request registry https://registry.npmjs.org/
19 verbose request id 7926b5f540767ef6
20 verbose url raw /ionic
21 verbose url resolving [ 'https://registry.npmjs.org/', './ionic' ]
22 verbose url resolved https://registry.npmjs.org/ionic
23 verbose request where is https://registry.npmjs.org/ionic
24 info trying registry request attempt 1 at 12:12:41
25 verbose etag "B3KI53MOJ2OGQ3XZPTDE0Z1A5"
26 http GET https://registry.npmjs.org/ionic
27 http 200 https://registry.npmjs.org/ionic
28 silly registry.get cb [ 200,
28 silly registry.get   { server: 'CouchDB/1.5.0 (Erlang OTP/R16B03)',
28 silly registry.get     etag: '"A9ERAVPVR2M37RJ5KRC9A1699"',
28 silly registry.get     'content-type': 'application/json',
28 silly registry.get     'content-encoding': 'gzip',
28 silly registry.get     'cache-control': 'max-age=300',
28 silly registry.get     'content-length': '63609',
28 silly registry.get     'accept-ranges': 'bytes',
28 silly registry.get     date: 'Sat, 25 Jun 2016 04:12:44 GMT',
28 silly registry.get     via: '1.1 varnish',
28 silly registry.get     age: '148',
28 silly registry.get     connection: 'keep-alive',
28 silly registry.get     'x-served-by': 'cache-itm7421-ITM',
28 silly registry.get     'x-cache': 'HIT',
28 silly registry.get     'x-cache-hits': '1',
28 silly registry.get     'x-timer': 'S1466827964.770780,VS0,VE0',
28 silly registry.get     vary: 'Accept-Encoding' } ]
29 silly addNameRange number 2 { name: 'ionic', range: '*', hasData: true }
30 silly addNameRange versions [ 'ionic',
30 silly addNameRange   [ '0.9.6',
30 silly addNameRange     '0.9.8',
30 silly addNameRange     '0.9.9',
30 silly addNameRange     '0.9.10',
30 silly addNameRange     '0.9.11',
30 silly addNameRange     '0.9.12',
30 silly addNameRange     '0.9.13',
30 silly addNameRange     '0.9.14',
30 silly addNameRange     '0.9.15',
30 silly addNameRange     '0.9.16',
30 silly addNameRange     '1.0.0-beta.1',
30 silly addNameRange     '1.0.0-beta',
30 silly addNameRange     '1.0.1-beta',
30 silly addNameRange     '1.0.3-beta',
30 silly addNameRange     '1.0.4',
30 silly addNameRange     '1.0.5',
30 silly addNameRange     '1.0.6',
30 silly addNameRange     '1.0.7',
30 silly addNameRange     '1.0.8',
30 silly addNameRange     '1.0.9',
30 silly addNameRange     '1.0.10',
30 silly addNameRange     '1.0.11',
30 silly addNameRange     '1.0.12',
30 silly addNameRange     '1.0.13',
30 silly addNameRange     '1.0.14',
30 silly addNameRange     '1.0.15',
30 silly addNameRange     '1.0.16',
30 silly addNameRange     '1.0.17',
30 silly addNameRange     '1.1.0-beta1',
30 silly addNameRange     '1.1.0-beta2',
30 silly addNameRange     '1.1.0-beta3',
30 silly addNameRange     '1.1.0-beta4',
30 silly addNameRange     '1.1.0-beta5',
30 silly addNameRange     '1.1.0-beta6',
30 silly addNameRange     '1.1.0',
30 silly addNameRange     '1.1.1-beta1',
30 silly addNameRange     '1.1.1-beta2',
30 silly addNameRange     '1.1.1-beta3',
30 silly addNameRange     '1.1.1',
30 silly addNameRange     '1.1.3',
30 silly addNameRange     '1.1.4',
30 silly addNameRange     '1.1.5-beta1',
30 silly addNameRange     '1.1.5-beta2',
30 silly addNameRange     '1.1.5-beta3',
30 silly addNameRange     '1.1.5-beta4',
30 silly addNameRange     '1.1.5-beta5',
30 silly addNameRange     '1.1.5',
30 silly addNameRange     '1.1.6',
30 silly addNameRange     '1.1.7-beta1',
30 silly addNameRange     '1.1.7',
30 silly addNameRange     '1.1.8-beta1',
30 silly addNameRange     '1.1.8-beta2',
30 silly addNameRange     '1.1.8-beta3',
30 silly addNameRange     '1.1.8-beta4',
30 silly addNameRange     '1.1.8-beta5',
30 silly addNameRange     '1.1.8',
30 silly addNameRange     '1.1.9-beta1',
30 silly addNameRange     '1.1.9',
30 silly addNameRange     '1.1.10',
30 silly addNameRange     '1.1.11-beta1',
30 silly addNameRange     '1.1.11-beta2',
30 silly addNameRange     '1.1.11',
30 silly addNameRange     '1.1.12-beta1',
30 silly addNameRange     '1.1.12-beta2',
30 silly addNameRange     '1.1.12-beta3',
30 silly addNameRange     '1.1.12',
30 silly addNameRange     '1.1.13',
30 silly addNameRange     '1.1.14-beta1',
30 silly addNameRange     '1.1.14-beta2',
30 silly addNameRange     '1.1.14-beta3',
30 silly addNameRange     '1.2.0-beta1',
30 silly addNameRange     '1.2.0',
30 silly addNameRange     '1.2.1-beta1',
30 silly addNameRange     '1.2.1-beta2',
30 silly addNameRange     '1.2.1-beta3',
30 silly addNameRange     '1.2.1-beta4',
30 silly addNameRange     '1.2.1',
30 silly addNameRange     '1.2.2',
30 silly addNameRange     '1.2.3-beta1',
30 silly addNameRange     '1.2.3-beta2',
30 silly addNameRange     '1.2.3-beta3',
30 silly addNameRange     '1.2.3',
30 silly addNameRange     '1.2.4-beta1',
30 silly addNameRange     '1.2.4-beta2',
30 silly addNameRange     '1.2.4-beta3',
30 silly addNameRange     '1.2.4',
30 silly addNameRange     '1.2.5-beta1',
30 silly addNameRange     '1.2.5-beta2',
30 silly addNameRange     '1.2.5-beta3',
30 silly addNameRange     '1.2.5',
30 silly addNameRange     '1.2.6-beta1',
30 silly addNameRange     '1.2.6-beta2',
30 silly addNameRange     '1.2.6-beta3',
30 silly addNameRange     '1.2.6',
30 silly addNameRange     '1.2.7',
30 silly addNameRange     '1.2.8-beta1',
30 silly addNameRange     '1.2.8-beta2',
30 silly addNameRange     '1.2.8',
30 silly addNameRange     '1.2.9',
30 silly addNameRange     '1.2.10',
30 silly addNameRange     '1.2.11',
30 silly addNameRange     '1.2.12',
30 silly addNameRange     '1.2.13',
30 silly addNameRange     '1.2.14-beta1',
30 silly addNameRange     '1.2.14-beta2',
30 silly addNameRange     '1.2.14-beta3',
30 silly addNameRange     '1.2.14-beta4',
30 silly addNameRange     '1.2.14-beta5',
30 silly addNameRange     '1.2.14-beta6',
30 silly addNameRange     '1.2.14',
30 silly addNameRange     '1.3.0-beta1',
30 silly addNameRange     '1.3.0',
30 silly addNameRange     '1.3.1',
30 silly addNameRange     '1.3.2',
30 silly addNameRange     '1.3.3',
30 silly addNameRange     '1.3.4',
30 silly addNameRange     '1.3.5',
30 silly addNameRange     '1.3.6',
30 silly addNameRange     '1.3.7',
30 silly addNameRange     '1.3.8',
30 silly addNameRange     '1.3.9',
30 silly addNameRange     '1.3.10',
30 silly addNameRange     '1.4.0-alpha.1',
30 silly addNameRange     '1.3.11',
30 silly addNameRange     '1.3.1-1.alpha.0',
30 silly addNameRange     '1.4.0-alpha.2',
30 silly addNameRange     '1.3.12',
30 silly addNameRange     '1.3.12-beta.1',
30 silly addNameRange     '1.3.12-beta.2',
30 silly addNameRange     '1.3.13-beta.0',
30 silly addNameRange     '1.3.1-3.beta.1',
30 silly addNameRange     '1.3.1-3.beta.2',
30 silly addNameRange     '1.3.13',
30 silly addNameRange     '1.3.1-3.beta.4',
30 silly addNameRange     '1.3.14-beta',
30 silly addNameRange     '1.3.14-beta.1',
30 silly addNameRange     '1.4.0-alpha.3',
30 silly addNameRange     '1.3.14',
30 silly addNameRange     '1.4.0-alpha.4',
30 silly addNameRange     '1.4.0-alpha.5',
30 silly addNameRange     '1.3.15-beta.0',
30 silly addNameRange     '1.3.15-beta.1',
30 silly addNameRange     '1.3.15-beta.2',
30 silly addNameRange     '1.3.15-beta.3',
30 silly addNameRange     '1.3.15-beta.4',
30 silly addNameRange     '1.3.15',
30 silly addNameRange     '1.3.16',
30 silly addNameRange     '1.4.0-alpha.6',
30 silly addNameRange     '1.3.17-beta.0',
30 silly addNameRange     '1.3.17-beta.1',
30 silly addNameRange     '1.3.17-beta.2',
30 silly addNameRange     '1.3.17-beta.3',
30 silly addNameRange     '1.3.1-7.beta.4',
30 silly addNameRange     '1.3.17',
30 silly addNameRange     '1.3.18-beta.0',
30 silly addNameRange     '1.3.18-beta.1',
30 silly addNameRange     '1.3.18-beta.2',
30 silly addNameRange     '1.3.18-beta.3',
30 silly addNameRange     '1.3.18',
30 silly addNameRange     '1.3.19-beta.0',
30 silly addNameRange     '1.3.19-beta.1',
30 silly addNameRange     '1.3.19-beta.2',
30 silly addNameRange     '1.3.19-beta.3',
30 silly addNameRange     '1.3.19-beta.4',
30 silly addNameRange     '1.3.19',
30 silly addNameRange     '1.3.20',
30 silly addNameRange     '1.4.1-beta.0',
30 silly addNameRange     '1.4.0-beta.1',
30 silly addNameRange     '1.4.0-beta.2',
30 silly addNameRange     '1.4.0-beta.3',
30 silly addNameRange     '1.4.0-beta.5',
30 silly addNameRange     '1.4.0-beta.6',
30 silly addNameRange     '1.4.0-beta.7',
30 silly addNameRange     '1.3.21-beta.0',
30 silly addNameRange     '1.3.21-beta.1',
30 silly addNameRange     '1.3.21',
30 silly addNameRange     '1.3.22',
30 silly addNameRange     '1.4.0-beta.8',
30 silly addNameRange     '1.4.0-beta.9',
30 silly addNameRange     '1.4.0-beta.10',
30 silly addNameRange     '1.4.0-beta.11',
30 silly addNameRange     '1.4.0-beta.12',
30 silly addNameRange     '1.4.0-beta.13',
30 silly addNameRange     '1.4.0-beta.14',
30 silly addNameRange     '1.4.0-beta.15',
30 silly addNameRange     '1.4.0-beta.16',
30 silly addNameRange     '1.4.0-beta.17',
30 silly addNameRange     '1.4.0-beta.18',
30 silly addNameRange     '1.4.0',
30 silly addNameRange     '1.4.1',
30 silly addNameRange     '1.4.2',
30 silly addNameRange     '1.4.3',
30 silly addNameRange     '1.4.4-beta.0',
30 silly addNameRange     '1.4.4-beta.2',
30 silly addNameRange     '1.4.4',
30 silly addNameRange     '1.4.5-beta.0',
30 silly addNameRange     '1.4.5-beta.1',
30 silly addNameRange     '1.4.5-beta.2',
30 silly addNameRange     '1.4.5-beta.3',
30 silly addNameRange     '1.4.5',
30 silly addNameRange     '1.4.6-beta.0',
30 silly addNameRange     '1.4.6',
30 silly addNameRange     '1.4.7',
30 silly addNameRange     '1.4.8',
30 silly addNameRange     '1.5.0-beta.0',
30 silly addNameRange     '1.5.0-beta.1',
30 silly addNameRange     '1.5.0',
30 silly addNameRange     '1.5.1-beta.0',
30 silly addNameRange     '1.5.1-beta.1',
30 silly addNameRange     '1.5.1-beta.2',
30 silly addNameRange     '1.5.1-beta.3',
30 silly addNameRange     '1.5.1-beta.4',
30 silly addNameRange     '1.5.1',
30 silly addNameRange     '1.5.2',
30 silly addNameRange     '1.5.3',
30 silly addNameRange     '1.5.4',
30 silly addNameRange     '1.5.5',
30 silly addNameRange     '1.6.0-beta.1',
30 silly addNameRange     '1.6.0',
30 silly addNameRange     '1.6.1',
30 silly addNameRange     '1.6.2-beta.0',
30 silly addNameRange     '1.6.2-beta.1',
30 silly addNameRange     '1.6.2-beta.2',
30 silly addNameRange     '1.6.2',
30 silly addNameRange     '1.6.3-beta.0',
30 silly addNameRange     '1.6.3-beta.1',
30 silly addNameRange     '1.6.3',
30 silly addNameRange     '1.6.4-beta.0',
30 silly addNameRange     '1.6.4-beta.1',
30 silly addNameRange     '1.6.4',
30 silly addNameRange     '1.7.0-beta.0',
30 silly addNameRange     '1.7.0-beta.1',
30 silly addNameRange     '1.7.0-beta.2',
30 silly addNameRange     '1.7.0-beta.3',
30 silly addNameRange     '2.0.0-alpha.1',
30 silly addNameRange     '2.0.0-alpha.3',
30 silly addNameRange     '1.7.0-beta.4',
30 silly addNameRange     '1.6.5-testing.0',
30 silly addNameRange     '1.6.5-testing.1',
30 silly addNameRange     '1.6.5-testing.2',
30 silly addNameRange     '1.6.5-testing.3',
30 silly addNameRange     '1.6.5',
30 silly addNameRange     '2.0.0-alpha.4',
30 silly addNameRange     '1.7.0-beta.5',
30 silly addNameRange     '1.7.0-beta.6',
30 silly addNameRange     '1.7.0',
30 silly addNameRange     '2.0.0-alpha.5',
30 silly addNameRange     '2.0.0-alpha.6',
30 silly addNameRange     '1.7.1',
30 silly addNameRange     '2.0.0-alpha.7',
30 silly addNameRange     '2.0.0-alpha.8',
30 silly addNameRange     '1.7.2',
30 silly addNameRange     '1.7.3',
30 silly addNameRange     '1.7.4',
30 silly addNameRange     '1.7.5',
30 silly addNameRange     '1.7.6',
30 silly addNameRange     '1.7.7-beta.0',
30 silly addNameRange     '2.0.0-alpha.9',
30 silly addNameRange     '1.7.7',
30 silly addNameRange     '2.0.0-alpha.10',
30 silly addNameRange     '2.0.0-alpha.11',
30 silly addNameRange     '2.0.0-alpha.12',
30 silly addNameRange     '2.0.0-alpha.13',
30 silly addNameRange     '2.0.0-alpha.14',
30 silly addNameRange     '2.0.0-alpha.15',
30 silly addNameRange     '2.0.0-alpha.16',
30 silly addNameRange     '2.0.0-alpha.17',
30 silly addNameRange     '2.0.0-alpha.18',
30 silly addNameRange     '1.7.8-beta.0',
30 silly addNameRange     '1.7.8-beta.1',
30 silly addNameRange     '1.7.8-beta.2',
30 silly addNameRange     '1.7.8-beta.3',
30 silly addNameRange     '1.7.8',
30 silly addNameRange     '2.0.0-alpha.19',
30 silly addNameRange     '2.0.0-alpha.20',
30 silly addNameRange     '2.0.0-alpha.21',
30 silly addNameRange     '2.0.0-alpha.22',
30 silly addNameRange     '2.0.0-alpha.23',
30 silly addNameRange     '1.7.9',
30 silly addNameRange     '1.7.10',
30 silly addNameRange     '2.0.0-alpha.24',
30 silly addNameRange     '2.0.0-alpha.25',
30 silly addNameRange     '2.0.0-beta.1',
30 silly addNameRange     '1.7.11',
30 silly addNameRange     '2.0.0-beta.2',
30 silly addNameRange     '2.0.0-beta.3',
30 silly addNameRange     '2.0.0-beta.4',
30 silly addNameRange     '2.0.0-beta.5',
30 silly addNameRange     '2.0.0-beta.6',
30 silly addNameRange     '2.0.0-beta.7',
30 silly addNameRange     '2.0.0-beta.8',
30 silly addNameRange     '2.0.0-beta.9',
30 silly addNameRange     '2.0.0-beta.10',
30 silly addNameRange     '2.0.0-beta.11',
30 silly addNameRange     '1.7.12',
30 silly addNameRange     '2.0.0-beta.12',
30 silly addNameRange     '2.0.0-beta.13',
30 silly addNameRange     '2.0.0-beta.14',
30 silly addNameRange     '2.0.0-beta.15',
30 silly addNameRange     '2.0.0-beta.16',
30 silly addNameRange     '2.0.0-beta.17',
30 silly addNameRange     '1.7.13',
30 silly addNameRange     '1.7.14',
30 silly addNameRange     '2.0.0-beta.18',
30 silly addNameRange     '2.0.0-beta.19',
30 silly addNameRange     '2.0.0-beta.20',
30 silly addNameRange     '2.0.0-beta.21',
30 silly addNameRange     '2.0.0-beta.22',
30 silly addNameRange     '2.0.0-beta.23',
30 silly addNameRange     '2.0.0-beta.24',
30 silly addNameRange     '2.0.0-beta.25',
30 silly addNameRange     '1.7.15-beta.0',
30 silly addNameRange     '1.7.15-beta.1',
30 silly addNameRange     '1.7.15-beta.2',
30 silly addNameRange     '1.7.15-beta.3',
30 silly addNameRange     '1.7.15',
30 silly addNameRange     '2.0.0-beta.26',
30 silly addNameRange     '2.0.0-beta.27',
30 silly addNameRange     '2.0.0-beta.28',
30 silly addNameRange     '2.0.0-beta.29',
30 silly addNameRange     '2.0.0-beta.30',
30 silly addNameRange     '2.0.0-beta.31',
30 silly addNameRange     '1.7.16',
30 silly addNameRange     '2.0.0-beta.32' ] ]
31 verbose addNamed [ 'ionic', '1.7.16' ]
32 verbose addNamed [ '1.7.16', '1.7.16' ]
33 silly lockFile bea042b9-ionic-1-7-16 ionic@1.7.16
34 verbose lock ionic@1.7.16 C:\Users\rjora\AppData\Roaming\npm-cache\bea042b9-ionic-1-7-16.lock
35 silly lockFile e7b0e7fb-npmjs-org-ionic-ionic-1-7-16-tgz https://registry.npmjs.org/ionic/-/ionic-1.7.16.tgz
36 verbose lock https://registry.npmjs.org/ionic/-/ionic-1.7.16.tgz C:\Users\rjora\AppData\Roaming\npm-cache\e7b0e7fb-npmjs-org-ionic-ionic-1-7-16-tgz.lock
37 verbose addRemoteTarball [ 'https://registry.npmjs.org/ionic/-/ionic-1.7.16.tgz',
37 verbose addRemoteTarball   'aeff62ee70b10b1563d85b9d4ea7005640bbc584' ]
38 info retry fetch attempt 1 at 12:12:43
39 verbose fetch to= C:\Users\rjora\AppData\Local\Temp\npm-6724-UC0USCyP\registry.npmjs.org\ionic\-\ionic-1.7.16.tgz
40 http GET https://registry.npmjs.org/ionic/-/ionic-1.7.16.tgz
41 http 200 https://registry.npmjs.org/ionic/-/ionic-1.7.16.tgz
42 silly lockFile e7b0e7fb-npmjs-org-ionic-ionic-1-7-16-tgz https://registry.npmjs.org/ionic/-/ionic-1.7.16.tgz
43 silly lockFile e7b0e7fb-npmjs-org-ionic-ionic-1-7-16-tgz https://registry.npmjs.org/ionic/-/ionic-1.7.16.tgz
44 silly lockFile bea042b9-ionic-1-7-16 ionic@1.7.16
45 silly lockFile bea042b9-ionic-1-7-16 ionic@1.7.16
46 silly lockFile 966fc04a-ionic ionic@
47 silly lockFile 966fc04a-ionic ionic@
48 error Error: shasum check failed for C:\Users\rjora\AppData\Local\Temp\npm-6724-UC0USCyP\registry.npmjs.org\ionic\-\ionic-1.7.16.tgz
48 error Expected: aeff62ee70b10b1563d85b9d4ea7005640bbc584
48 error Actual:   4c9451b9090edcabe2da7e4121bb36f849a902d7
48 error From:     https://registry.npmjs.org/ionic/-/ionic-1.7.16.tgz
48 error     at C:\Program Files\nodejs\node_modules\npm\node_modules\sha\index.js:38:8
48 error     at ReadStream.<anonymous> (C:\Program Files\nodejs\node_modules\npm\node_modules\sha\index.js:85:7)
48 error     at ReadStream.emit (events.js:117:20)
48 error     at _stream_readable.js:944:16
48 error     at process._tickCallback (node.js:448:13)
49 error If you need help, you may report this *entire* log,
49 error including the npm and node versions, at:
49 error     <http://github.com/npm/npm/issues>
50 error System Windows_NT 6.2.9200
51 error command "C:\\Program Files\\nodejs\\\\node.exe" "C:\\Program Files\\nodejs\\node_modules\\npm\\bin\\npm-cli.js" "install" "-g" "ionic"
52 error cwd E:\Ionic\A882016001
53 error node -v v0.10.38
54 error npm -v 1.4.28
55 verbose exit [ 1, true ]
